18:26:02 | INFO | SILVER | LAYER_START
18:26:02 | INFO | ---------------------
18:26:02 | INFO | SILVER | ERP | DOMAIN_START
18:26:02 | INFO | ---------------------
18:26:02 | INFO | SILVER | ERP | LOAD | suppliers
18:26:02 | INFO | SILVER | ERP | CLEAN | suppliers | started
18:26:02 | INFO | SILVER | ERP | CLEAN | suppliers | rows_before=100 rows_after=100 dropped=0 pct=0.0
18:26:02 | INFO | SILVER | ERP | SAVE | suppliers | target=parquet
18:26:02 | INFO | SILVER | ERP | TIME | suppliers | duration_sec=0.1296
18:26:02 | INFO | ---------------------
18:26:02 | INFO | SILVER | ERP | LOAD | ingredients
18:26:02 | INFO | SILVER | ERP | CLEAN | ingredients | started
18:26:02 | INFO | SILVER | ERP | CLEAN | ingredients | rows_before=60 rows_after=60 dropped=0 pct=0.0
18:26:02 | INFO | SILVER | ERP | SAVE | ingredients | target=parquet
18:26:02 | INFO | SILVER | ERP | TIME | ingredients | duration_sec=0.0165
18:26:02 | INFO | ---------------------
18:26:02 | INFO | SILVER | ERP | LOAD | supplier_ingredients
18:26:02 | INFO | SILVER | ERP | CLEAN | supplier_ingredients | started
18:26:02 | INFO | SILVER | ERP | CLEAN | supplier_ingredients | rows_before=1297 rows_after=1251 dropped=46 pct=3.55
18:26:02 | INFO | SILVER | ERP | SAVE | supplier_ingredients | target=parquet
18:26:02 | INFO | SILVER | ERP | TIME | supplier_ingredients | duration_sec=0.0903
18:26:02 | INFO | ---------------------
18:26:02 | INFO | SILVER | ERP | LOAD | menu_items
18:26:02 | INFO | SILVER | ERP | CLEAN | menu_items | started
18:26:02 | INFO | SILVER | ERP | CLEAN | menu_items | rows_before=301 rows_after=299 dropped=2 pct=0.66
18:26:02 | INFO | SILVER | ERP | SAVE | menu_items | target=parquet
18:26:02 | INFO | SILVER | ERP | TIME | menu_items | duration_sec=0.0165
18:26:02 | INFO | ---------------------
18:26:02 | INFO | SILVER | ERP | LOAD | recipe
18:26:02 | INFO | SILVER | ERP | CLEAN | recipe | started
18:26:02 | INFO | SILVER | ERP | CLEAN | recipe | rows_before=1060 rows_after=1026 dropped=34 pct=3.21
18:26:02 | INFO | SILVER | ERP | SAVE | recipe | target=parquet
18:26:02 | INFO | SILVER | ERP | TIME | recipe | duration_sec=0.0506
18:26:02 | INFO | ---------------------
18:26:02 | INFO | SILVER | ERP | LOAD | restaurants
18:26:02 | INFO | SILVER | ERP | CLEAN | restaurants | started
18:26:02 | INFO | SILVER | ERP | CLEAN | restaurants | rows_before=50 rows_after=50 dropped=0 pct=0.0
18:26:02 | INFO | SILVER | ERP | SAVE | restaurants | target=parquet
18:26:02 | INFO | SILVER | ERP | TIME | restaurants | duration_sec=0.0191
18:26:02 | INFO | ---------------------
18:26:02 | INFO | SILVER | ERP | LOAD | inventory
18:26:02 | INFO | SILVER | ERP | CLEAN | inventory | started
18:26:02 | INFO | SILVER | ERP | CLEAN | inventory | rows_before=3015 rows_after=2923 dropped=92 pct=3.05
18:26:02 | INFO | SILVER | ERP | SAVE | inventory | target=parquet
18:26:02 | INFO | SILVER | ERP | TIME | inventory | duration_sec=0.0436
18:26:02 | INFO | ---------------------
18:26:02 | INFO | SILVER | ERP | LOAD | delivery_partners
18:26:02 | INFO | SILVER | ERP | CLEAN | delivery_partners | started
18:26:02 | INFO | SILVER | ERP | CLEAN | delivery_partners | rows_before=201 rows_after=199 dropped=2 pct=1.0
18:26:02 | INFO | SILVER | ERP | SAVE | delivery_partners | target=parquet
18:26:02 | INFO | SILVER | ERP | TIME | delivery_partners | duration_sec=0.0336
18:26:02 | INFO | ---------------------
18:26:02 | INFO | SILVER | ERP | LOAD | employees
18:26:02 | INFO | SILVER | ERP | CLEAN | employees | started
18:26:02 | INFO | SILVER | ERP | CLEAN | employees | rows_before=571 rows_after=547 dropped=24 pct=4.2
18:26:02 | INFO | SILVER | ERP | SAVE | employees | target=parquet
18:26:02 | INFO | SILVER | ERP | TIME | employees | duration_sec=0.0365
18:26:02 | INFO | ---------------------
18:26:02 | INFO | SILVER | ERP | DOMAIN_END | duration_sec=0.438
18:26:02 | INFO | ---------------------
18:26:02 | INFO | SILVER | CRM | DOMAIN_START
18:26:02 | INFO | ---------------------
18:26:02 | INFO | SILVER | CRM | LOAD | customers
18:26:02 | INFO | SILVER | CRM | CLEAN | customers | started
18:26:03 | INFO | SILVER | CRM | CLEAN | customers | rows_before=100500 rows_after=99246 dropped=1254 pct=1.25
18:26:03 | INFO | SILVER | CRM | SAVE | customers | target=parquet
18:26:03 | INFO | SILVER | CRM | TIME | customers | duration_sec=0.9563
18:26:03 | INFO | ---------------------
18:26:03 | INFO | SILVER | CRM | LOAD | orders
18:26:04 | INFO | SILVER | CRM | CLEAN | orders | started
18:26:08 | INFO | SILVER | CRM | CLEAN | orders | rows_before=502500 rows_after=481289 dropped=21211 pct=4.22
18:26:08 | INFO | SILVER | CRM | SAVE | orders | target=parquet
18:26:08 | INFO | SILVER | CRM | TIME | orders | duration_sec=5.3805
18:26:08 | INFO | ---------------------
18:26:08 | INFO | SILVER | CRM | LOAD | customer_reviews
18:26:09 | INFO | SILVER | CRM | CLEAN | customer_reviews | started
18:26:10 | INFO | SILVER | CRM | CLEAN | customer_reviews | rows_before=175875 rows_after=167889 dropped=7986 pct=4.54
18:26:10 | INFO | SILVER | CRM | SAVE | customer_reviews | target=parquet
18:26:10 | INFO | SILVER | CRM | TIME | customer_reviews | duration_sec=1.525
18:26:10 | INFO | ---------------------
18:26:10 | INFO | SILVER | CRM | LOAD | order_items
18:26:11 | INFO | SILVER | CRM | CLEAN | order_items | started
18:26:24 | INFO | SILVER | CRM | CLEAN | order_items | rows_before=1508341 rows_after=1351649 dropped=156692 pct=10.39
18:26:24 | INFO | SILVER | CRM | SAVE | order_items | target=parquet
18:26:25 | INFO | SILVER | CRM | TIME | order_items | duration_sec=14.7208
18:26:25 | WARNING | SILVER | CRM | DQ | order_items | dropped_pct=10.39 threshold=5
18:26:25 | INFO | ---------------------
18:26:25 | INFO | SILVER | CRM | LOAD | kitchen_logs
18:26:27 | INFO | SILVER | CRM | CLEAN | kitchen_logs | started
18:26:38 | INFO | SILVER | CRM | CLEAN | kitchen_logs | rows_before=1508341 rows_after=1302783 dropped=205558 pct=13.63
18:26:38 | INFO | SILVER | CRM | SAVE | kitchen_logs | target=parquet
18:26:39 | INFO | SILVER | CRM | TIME | kitchen_logs | duration_sec=14.2391
18:26:39 | WARNING | SILVER | CRM | DQ | kitchen_logs | dropped_pct=13.63 threshold=5
18:26:39 | INFO | ---------------------
18:26:39 | INFO | SILVER | CRM | DOMAIN_END | duration_sec=36.8232
18:26:39 | INFO | ---------------------
18:26:39 | INFO | SILVER | LAYER_END | duration_sec=37.2615
