10:39:08 | INFO | GLOD | LAYER_START
10:39:08 | INFO | ---------------------
10:39:08 | INFO | GLOD | DIM | DOMAIN_START
10:39:08 | INFO | ---------------------
10:39:08 | INFO | GLOD | DIM | CREAT | dim_date
10:39:08 | INFO | GLOD | DIM | SAVE | dim_date
10:39:08 | INFO | GLOD | DIM | SHAPE | dim_date | rows=517 columns=9
10:39:08 | INFO | GLOD | DIM | TIME | dim_date | duration_sec=0.017
10:39:08 | INFO | ---------------------
10:39:08 | INFO | GLOD | DIM | CREAT | dim_payment_mode
10:39:08 | INFO | GLOD | DIM | SAVE | dim_payment_mode
10:39:08 | INFO | GLOD | DIM | SHAPE | dim_payment_mode | rows=4 columns=2
10:39:08 | INFO | GLOD | DIM | TIME | dim_payment_mode | duration_sec=0.0011
10:39:08 | INFO | ---------------------
10:39:08 | INFO | GLOD | DIM | CREAT | dim_order_status
10:39:08 | INFO | GLOD | DIM | SAVE | dim_order_status
10:39:08 | INFO | GLOD | DIM | SHAPE | dim_order_status | rows=3 columns=2
10:39:08 | INFO | GLOD | DIM | TIME | dim_order_status | duration_sec=0.0008
10:39:08 | INFO | ---------------------
10:39:08 | INFO | GLOD | DIM | LOAD | restaurants
10:39:08 | INFO | GLOD | DIM | CREAT | dim_restaurants
10:39:08 | INFO | GLOD | DIM | SAVE | dim_restaurants
10:39:08 | INFO | GLOD | DIM | SHAPE | dim_restaurants | rows=50 columns=6
10:39:08 | INFO | GLOD | DIM | TIME | dim_restaurants | duration_sec=0.0016
10:39:08 | INFO | ---------------------
10:39:08 | INFO | GLOD | DIM | LOAD | employees
10:39:08 | INFO | GLOD | DIM | CREAT | dim_employees
10:39:08 | INFO | GLOD | DIM | SAVE | dim_employees
10:39:08 | INFO | GLOD | DIM | SHAPE | dim_employees | rows=547 columns=3
10:39:08 | INFO | GLOD | DIM | TIME | dim_employees | duration_sec=0.0015
10:39:08 | INFO | ---------------------
10:39:08 | INFO | GLOD | DIM | LOAD | customers
10:39:08 | INFO | GLOD | DIM | CREAT | dim_customers
10:39:08 | INFO | GLOD | DIM | SAVE | dim_customers
10:39:08 | INFO | GLOD | DIM | SHAPE | dim_customers | rows=99246 columns=4
10:39:08 | INFO | GLOD | DIM | TIME | dim_customers | duration_sec=0.1009
10:39:08 | INFO | ---------------------
10:39:08 | INFO | GLOD | DIM | LOAD | menu_items
10:39:08 | INFO | GLOD | DIM | CREAT | dim_menu_items
10:39:08 | INFO | GLOD | DIM | SAVE | dim_menu_items
10:39:08 | INFO | GLOD | DIM | SHAPE | dim_menu_items | rows=299 columns=5
10:39:08 | INFO | GLOD | DIM | TIME | dim_menu_items | duration_sec=0.0023
10:39:08 | INFO | ---------------------
10:39:08 | INFO | GLOD | DIM | LOAD | delivery_partners
10:39:08 | INFO | GLOD | DIM | CREAT | dim_delivery_partners
10:39:08 | INFO | GLOD | DIM | SAVE | dim_delivery_partners
10:39:08 | INFO | GLOD | DIM | SHAPE | dim_delivery_partners | rows=199 columns=4
10:39:08 | INFO | GLOD | DIM | TIME | dim_delivery_partners | duration_sec=0.0026
10:39:08 | INFO | ---------------------
10:39:08 | INFO | GLOD | DIM | DOMAIN_END | duration_sec=0.1285
10:39:08 | INFO | ---------------------
10:39:08 | INFO | GLOD | FACT | DOMAIN_START
10:39:08 | INFO | ---------------------
10:39:08 | INFO | GLOD | FACT | LOAD | kitchen_logs, order_items, orders
10:39:09 | INFO | GLOD | FACT | CREAT | fact_sales
10:39:20 | INFO | GLOD | FACT | SAVE | fact_sales
10:39:23 | INFO | GLOD | FACT | SHAPE | fact_sales | rows=1302783 columns=17
10:39:23 | INFO | ---------------------
10:39:23 | INFO | GLOD | FACT | DOMAIN_END | duration_sec=15.2504
10:39:23 | INFO | ---------------------
10:39:23 | INFO | GLOD | LAYER_END | duration_sec=15.3792
